<?xml version="1.0" encoding="UTF-8"?>
<!-- Generated by org.testng.reporters.JUnitXMLReporter -->
<testsuite ignored="3" hostname="DESKTOP-VRBAL0D" failures="0" tests="1" name="Default test" time="70.382" errors="0" timestamp="2022-12-09T14:22:57 IST">
  <testcase classname="com.synechron.testcases.LoginPageTest" name="validateLoginTest" time="3.416"/>
  <testcase classname="com.synechron.testcases.LoginPageTest" name="forgotPasswordLinkTest" time="0.0">
    <ignored/>
  </testcase> <!-- forgotPasswordLinkTest -->
  <testcase classname="com.synechron.testcases.LoginPageTest" name="appLoadCheckTest" time="0.0">
    <ignored/>
  </testcase> <!-- appLoadCheckTest -->
  <testcase classname="com.synechron.testcases.LoginPageTest" name="validateTitleTest" time="0.0">
    <ignored/>
  </testcase> <!-- validateTitleTest -->
</testsuite> <!-- Default test -->
