<?xml version="1.0" encoding="UTF-8"?>
<testng-results ignored="3" total="4" passed="1" failed="0" skipped="0">
  <reporter-output>
  </reporter-output>
  <suite started-at="2022-12-09T14:21:46 IST" name="Default suite" finished-at="2022-12-09T14:22:57 IST" duration-ms="70382">
    <groups>
    </groups>
    <test started-at="2022-12-09T14:21:46 IST" name="Default test" finished-at="2022-12-09T14:22:57 IST" duration-ms="70382">
      <class name="com.synechron.testcases.LoginPageTest">
        <test-method is-config="true" signature="browserSetup()[pri:0, instance:com.synechron.testcases.LoginPageTest@1b2abca6]" started-at="2022-12-09T14:21:46 IST" name="browserSetup" finished-at="2022-12-09T14:22:52 IST" duration-ms="66034" status="PASS">
          <reporter-output>
          </reporter-output>
        </test-method> <!-- browserSetup -->
        <test-method signature="validateLoginTest()[pri:0, instance:com.synechron.testcases.LoginPageTest@1b2abca6]" started-at="2022-12-09T14:22:52 IST" name="validateLoginTest" finished-at="2022-12-09T14:22:56 IST" duration-ms="3416" status="PASS">
          <reporter-output>
          </reporter-output>
        </test-method> <!-- validateLoginTest -->
        <test-method is-config="true" signature="browserClose()[pri:0, instance:com.synechron.testcases.LoginPageTest@1b2abca6]" started-at="2022-12-09T14:22:56 IST" name="browserClose" finished-at="2022-12-09T14:22:57 IST" duration-ms="888" status="PASS">
          <reporter-output>
          </reporter-output>
        </test-method> <!-- browserClose -->
      </class> <!-- com.synechron.testcases.LoginPageTest -->
    </test> <!-- Default test -->
  </suite> <!-- Default suite -->
</testng-results>
